<?xml version="1.0" encoding="UTF-8"?>
<!-- Generated by org.testng.reporters.JUnitReportReporter -->
<testsuite hostname="DESKTOP-CJCE1FP" failures="0" tests="1" name="uk.co.automationtesting.AddRemoveItemBasket" time="4.746" errors="0" timestamp="2024-06-06T10:04:36 IST" skipped="0">
  <testcase classname="uk.co.automationtesting.AddRemoveItemBasket" name="addRemoveItem" time="4.746"/>
  <system-out/>
</testsuite> <!-- uk.co.automationtesting.AddRemoveItemBasket -->
